<?xml version="1.0" encoding="UTF-8"?>
<testsuite name="MoodAnalyserTest" tests="1" skipped="0" failures="0" errors="0" timestamp="2021-05-28T05:34:03" hostname="DESKTOP-9KBRA3G" time="0.002">
  <properties/>
  <testcase name="testMoodAnalysis" classname="MoodAnalyserTest" time="0.002"/>
  <system-out><![CDATA[]]></system-out>
  <system-err><![CDATA[]]></system-err>
</testsuite>
