<?xml version="1.0" encoding="UTF-8"?>
<testsuite name="MoodAnalyserTest" tests="1" skipped="0" failures="0" errors="0" timestamp="2021-05-28T13:43:29" hostname="DESKTOP-BS45UV7" time="0.009">
  <properties/>
  <testcase name="givenMood_whenNull_shouldReturnTrue" classname="MoodAnalyserTest" time="0.009"/>
  <system-out><![CDATA[]]></system-out>
  <system-err><![CDATA[]]></system-err>
</testsuite>
